<?xml version="1.0" encoding="UTF-8"?>
<testsuite xmlns:xsi="http://www.w3.org/2001/XMLSchema-instance" xsi:noNamespaceSchemaLocation="https://maven.apache.org/surefire/maven-surefire-plugin/xsd/surefire-test-report.xsd" version="3.0.2" name="com.empresa.soporte_tecnico.SoporteTecnicoApplicationTests" time="2.217" tests="1" errors="0" skipped="0" failures="0">
  <properties>
[...]
</properties>
  <testcase name="contextLoads" classname="com.empresa.soporte_tecnico.SoporteTecnicoApplicationTests" time="0.51">
    <system-out><![CDATA[22:58:48.470 [main] INFO org.springframework.test.context.support.AnnotationConfigContextLoaderUtils -- Could not detect default configuration classes for test class [com.empresa.soporte_tecnico.SoporteTecnicoApplicationTests]: SoporteTecnicoApplicationTests does not declare any static, non-private, non-final, nested classes annotated with @Configuration.
22:58:48.545 [main] INFO org.springframework.boot.test.context.SpringBootTestContextBootstrapper -- Found @SpringBootConfiguration com.empresa.soporte_tecnico.SoporteTecnicoApplication for test class com.empresa.soporte_tecnico.SoporteTecnicoApplicationTests
22:58:48.660 [main] INFO org.springframework.boot.devtools.restart.RestartApplicationListener -- Restart disabled due to context in which it is running

  .   ____          _            __ _ _
 /\\ / ___'_ __ _ _(_)_ __  __ _ \ \ \ \
( ( )\___ | '_ | '_| | '_ \/ _` | \ \ \ \
 \\/  ___)| |_)| | | | | || (_| |  ) ) ) )
  '  |____| .__|_| |_|_| |_\__, | / / / /
 =========|_|==============|___/=/_/_/_/

 :: Spring Boot ::                (v3.5.7)

2025-11-04T22:58:48.857-05:00  INFO 7372 --- [soporte-tecnico] [           main] c.e.s.SoporteTecnicoApplicationTests     : Starting SoporteTecnicoApplicationTests using Java 21.0.7 with PID 7372 (started by Bruno ricardo in C:\Users\JosledD\Downloads\soporte-tecnico\soporte-tecnico)
2025-11-04T22:58:48.857-05:00 DEBUG 7372 --- [soporte-tecnico] [           main] c.e.s.SoporteTecnicoApplicationTests     : Running with Spring Boot v3.5.7, Spring v6.2.12
2025-11-04T22:58:48.858-05:00  INFO 7372 --- [soporte-tecnico] [           main] c.e.s.SoporteTecnicoApplicationTests     : No active profile set, falling back to 1 default profile: "default"
2025-11-04T22:58:48.876-05:00 DEBUG 7372 --- [soporte-tecnico] [           main] o.s.w.c.s.GenericWebApplicationContext   : Refreshing org.springframework.web.context.support.GenericWebApplicationContext@6df20ade
2025-11-04T22:58:49.845-05:00 DEBUG 7372 --- [soporte-tecnico] [           main] s.w.s.m.m.a.RequestMappingHandlerMapping : 11 mappings in 'requestMappingHandlerMapping'
2025-11-04T22:58:49.901-05:00 DEBUG 7372 --- [soporte-tecnico] [           main] o.s.w.s.handler.SimpleUrlHandlerMapping  : Patterns [/webjars/**, /**, /swagger-ui*/*swagger-initializer.js, /swagger-ui*/**] in 'resourceHandlerMapping'
2025-11-04T22:58:49.916-05:00 DEBUG 7372 --- [soporte-tecnico] [           main] s.w.s.m.m.a.RequestMappingHandlerAdapter : ControllerAdvice beans: 0 @ModelAttribute, 0 @InitBinder, 1 RequestBodyAdvice, 1 ResponseBodyAdvice
2025-11-04T22:58:49.947-05:00 DEBUG 7372 --- [soporte-tecnico] [           main] .m.m.a.ExceptionHandlerExceptionResolver : ControllerAdvice beans: 2 @ExceptionHandler, 1 ResponseBodyAdvice
2025-11-04T22:58:50.056-05:00  INFO 7372 --- [soporte-tecnico] [           main] c.e.s.SoporteTecnicoApplicationTests     : Started SoporteTecnicoApplicationTests in 1.404 seconds (process running for 2.054)
]]></system-out>
    <system-err><![CDATA[Mockito is currently self-attaching to enable the inline-mock-maker. This will no longer work in future releases of the JDK. Please add Mockito as an agent to your build as described in Mockito's documentation: https://javadoc.io/doc/org.mockito/mockito-core/latest/org.mockito/org/mockito/Mockito.html#0.3
WARNING: A Java agent has been loaded dynamically (C:\Users\JosledD\.m2\repository\net\bytebuddy\byte-buddy-agent\1.17.8\byte-buddy-agent-1.17.8.jar)
WARNING: If a serviceability tool is in use, please run with -XX:+EnableDynamicAgentLoading to hide this warning
WARNING: If a serviceability tool is not in use, please run with -Djdk.instrument.traceUsage for more information
WARNING: Dynamic loading of agents will be disallowed by default in a future release
]]></system-err>
  </testcase>
</testsuite>